{"name":"hexo","hostname":"PC-20170731003","pid":8960,"level":20,"msg":"Hexo version: 3.4.0","time":"2018-11-01T14:30:50.689Z","v":0}
{"name":"hexo","hostname":"PC-20170731003","pid":8960,"level":20,"msg":"Working directory: D:\\workspace\\iplaypi.github.io\\","time":"2018-11-01T14:30:50.691Z","v":0}
{"name":"hexo","hostname":"PC-20170731003","pid":8960,"level":20,"msg":"Config loaded: D:\\workspace\\iplaypi.github.io\\_config.yml","time":"2018-11-01T14:30:50.825Z","v":0}
{"name":"hexo","hostname":"PC-20170731003","pid":8960,"level":20,"msg":"Plugin loaded: hexo-deployer-git","time":"2018-11-01T14:30:50.855Z","v":0}
{"name":"hexo","hostname":"PC-20170731003","pid":8960,"level":20,"msg":"Plugin loaded: hexo-generator-archive","time":"2018-11-01T14:30:50.858Z","v":0}
{"name":"hexo","hostname":"PC-20170731003","pid":8960,"level":20,"msg":"Plugin loaded: hexo-generator-category","time":"2018-11-01T14:30:50.862Z","v":0}
{"name":"hexo","hostname":"PC-20170731003","pid":8960,"level":20,"msg":"Plugin loaded: hexo-generator-index","time":"2018-11-01T14:30:50.866Z","v":0}
{"name":"hexo","hostname":"PC-20170731003","pid":8960,"level":20,"msg":"Plugin loaded: hexo-generator-searchdb","time":"2018-11-01T14:30:50.872Z","v":0}
{"name":"hexo","hostname":"PC-20170731003","pid":8960,"level":20,"msg":"Plugin loaded: hexo-generator-tag","time":"2018-11-01T14:30:50.875Z","v":0}
{"name":"hexo","hostname":"PC-20170731003","pid":8960,"level":20,"msg":"Plugin loaded: hexo-renderer-ejs","time":"2018-11-01T14:30:50.883Z","v":0}
{"name":"hexo","hostname":"PC-20170731003","pid":8960,"level":20,"msg":"Plugin loaded: hexo-renderer-marked","time":"2018-11-01T14:30:50.889Z","v":0}
{"name":"hexo","hostname":"PC-20170731003","pid":8960,"level":20,"msg":"Plugin loaded: hexo-renderer-stylus","time":"2018-11-01T14:30:50.891Z","v":0}
{"name":"hexo","hostname":"PC-20170731003","pid":8960,"level":20,"msg":"Plugin loaded: hexo-server","time":"2018-11-01T14:30:51.000Z","v":0}
{"name":"hexo","hostname":"PC-20170731003","pid":8960,"level":20,"msg":"Script loaded: themes\\next\\scripts\\merge-configs.js","time":"2018-11-01T14:30:51.008Z","v":0}
{"name":"hexo","hostname":"PC-20170731003","pid":8960,"level":20,"msg":"Script loaded: themes\\next\\scripts\\tags\\exturl.js","time":"2018-11-01T14:30:51.009Z","v":0}
{"name":"hexo","hostname":"PC-20170731003","pid":8960,"level":20,"msg":"Script loaded: themes\\next\\scripts\\tags\\button.js","time":"2018-11-01T14:30:51.009Z","v":0}
{"name":"hexo","hostname":"PC-20170731003","pid":8960,"level":20,"msg":"Script loaded: themes\\next\\scripts\\tags\\full-image.js","time":"2018-11-01T14:30:51.010Z","v":0}
{"name":"hexo","hostname":"PC-20170731003","pid":8960,"level":20,"msg":"Script loaded: themes\\next\\scripts\\merge.js","time":"2018-11-01T14:30:51.012Z","v":0}
{"name":"hexo","hostname":"PC-20170731003","pid":8960,"level":20,"msg":"Script loaded: themes\\next\\scripts\\tags\\group-pictures.js","time":"2018-11-01T14:30:51.013Z","v":0}
{"name":"hexo","hostname":"PC-20170731003","pid":8960,"level":20,"msg":"Script loaded: themes\\next\\scripts\\tags\\lazy-image.js","time":"2018-11-01T14:30:51.014Z","v":0}
{"name":"hexo","hostname":"PC-20170731003","pid":8960,"level":20,"msg":"Script loaded: themes\\next\\scripts\\tags\\note.js","time":"2018-11-01T14:30:51.014Z","v":0}
{"name":"hexo","hostname":"PC-20170731003","pid":8960,"level":20,"msg":"Script loaded: themes\\next\\scripts\\tags\\label.js","time":"2018-11-01T14:30:51.014Z","v":0}
{"name":"hexo","hostname":"PC-20170731003","pid":8960,"level":20,"msg":"Script loaded: themes\\next\\scripts\\tags\\tabs.js","time":"2018-11-01T14:30:51.015Z","v":0}
{"name":"hexo","hostname":"PC-20170731003","pid":8960,"level":20,"msg":"Script loaded: themes\\next\\scripts\\tags\\center-quote.js","time":"2018-11-01T14:30:51.015Z","v":0}
{"name":"hexo","hostname":"PC-20170731003","pid":8960,"level":20,"msg":"Database saved","time":"2018-11-01T14:30:51.021Z","v":0}
{"name":"hexo","hostname":"PC-20170731003","pid":4848,"level":20,"msg":"Hexo version: 3.4.0","time":"2018-11-01T14:39:13.080Z","v":0}
{"name":"hexo","hostname":"PC-20170731003","pid":4848,"level":20,"msg":"Working directory: D:\\workspace\\iplaypi.github.io\\","time":"2018-11-01T14:39:13.083Z","v":0}
{"name":"hexo","hostname":"PC-20170731003","pid":4848,"level":20,"msg":"Config loaded: D:\\workspace\\iplaypi.github.io\\_config.yml","time":"2018-11-01T14:39:13.302Z","v":0}
{"name":"hexo","hostname":"PC-20170731003","pid":4848,"level":20,"msg":"Plugin loaded: hexo-generator-searchdb","time":"2018-11-01T14:39:13.348Z","v":0}
{"name":"hexo","hostname":"PC-20170731003","pid":4848,"level":20,"msg":"Plugin loaded: hexo-generator-archive","time":"2018-11-01T14:39:13.353Z","v":0}
{"name":"hexo","hostname":"PC-20170731003","pid":4848,"level":20,"msg":"Plugin loaded: hexo-deployer-git","time":"2018-11-01T14:39:13.394Z","v":0}
{"name":"hexo","hostname":"PC-20170731003","pid":4848,"level":20,"msg":"Plugin loaded: hexo-generator-category","time":"2018-11-01T14:39:13.398Z","v":0}
{"name":"hexo","hostname":"PC-20170731003","pid":4848,"level":20,"msg":"Plugin loaded: hexo-generator-tag","time":"2018-11-01T14:39:13.402Z","v":0}
{"name":"hexo","hostname":"PC-20170731003","pid":4848,"level":20,"msg":"Plugin loaded: hexo-renderer-ejs","time":"2018-11-01T14:39:13.414Z","v":0}
{"name":"hexo","hostname":"PC-20170731003","pid":4848,"level":20,"msg":"Plugin loaded: hexo-renderer-stylus","time":"2018-11-01T14:39:13.418Z","v":0}
{"name":"hexo","hostname":"PC-20170731003","pid":4848,"level":20,"msg":"Plugin loaded: hexo-renderer-marked","time":"2018-11-01T14:39:13.435Z","v":0}
{"name":"hexo","hostname":"PC-20170731003","pid":4848,"level":20,"msg":"Plugin loaded: hexo-server","time":"2018-11-01T14:39:13.615Z","v":0}
{"name":"hexo","hostname":"PC-20170731003","pid":4848,"level":20,"msg":"Plugin loaded: hexo-generator-index","time":"2018-11-01T14:39:13.616Z","v":0}
{"name":"hexo","hostname":"PC-20170731003","pid":4848,"level":20,"msg":"Plugin loaded: hexo-wordcount","time":"2018-11-01T14:39:13.726Z","v":0}
{"name":"hexo","hostname":"PC-20170731003","pid":4848,"level":20,"msg":"Script loaded: themes\\next\\scripts\\tags\\button.js","time":"2018-11-01T14:39:13.733Z","v":0}
{"name":"hexo","hostname":"PC-20170731003","pid":4848,"level":20,"msg":"Script loaded: themes\\next\\scripts\\merge-configs.js","time":"2018-11-01T14:39:13.738Z","v":0}
{"name":"hexo","hostname":"PC-20170731003","pid":4848,"level":20,"msg":"Script loaded: themes\\next\\scripts\\tags\\exturl.js","time":"2018-11-01T14:39:13.742Z","v":0}
{"name":"hexo","hostname":"PC-20170731003","pid":4848,"level":20,"msg":"Script loaded: themes\\next\\scripts\\tags\\group-pictures.js","time":"2018-11-01T14:39:13.744Z","v":0}
{"name":"hexo","hostname":"PC-20170731003","pid":4848,"level":20,"msg":"Script loaded: themes\\next\\scripts\\merge.js","time":"2018-11-01T14:39:13.748Z","v":0}
{"name":"hexo","hostname":"PC-20170731003","pid":4848,"level":20,"msg":"Script loaded: themes\\next\\scripts\\tags\\full-image.js","time":"2018-11-01T14:39:13.749Z","v":0}
{"name":"hexo","hostname":"PC-20170731003","pid":4848,"level":20,"msg":"Script loaded: themes\\next\\scripts\\tags\\center-quote.js","time":"2018-11-01T14:39:13.749Z","v":0}
{"name":"hexo","hostname":"PC-20170731003","pid":4848,"level":20,"msg":"Script loaded: themes\\next\\scripts\\tags\\note.js","time":"2018-11-01T14:39:13.749Z","v":0}
{"name":"hexo","hostname":"PC-20170731003","pid":4848,"level":20,"msg":"Script loaded: themes\\next\\scripts\\tags\\tabs.js","time":"2018-11-01T14:39:13.749Z","v":0}
{"name":"hexo","hostname":"PC-20170731003","pid":4848,"level":20,"msg":"Script loaded: themes\\next\\scripts\\tags\\lazy-image.js","time":"2018-11-01T14:39:13.749Z","v":0}
{"name":"hexo","hostname":"PC-20170731003","pid":4848,"level":20,"msg":"Script loaded: themes\\next\\scripts\\tags\\label.js","time":"2018-11-01T14:39:13.750Z","v":0}
{"name":"hexo","hostname":"PC-20170731003","pid":4848,"level":20,"msg":"Database saved","time":"2018-11-01T14:39:13.761Z","v":0}
