0 info it worked if it ends with ok
1 verbose cli [ 'C:\\Program Files\\nodejs\\node.exe',
1 verbose cli   'C:\\Program Files\\nodejs\\node_modules\\npm\\bin\\npm-cli.js',
1 verbose cli   'install',
1 verbose cli   'valine',
1 verbose cli   '--save' ]
2 info using npm@3.10.10
3 info using node@v6.11.5
4 silly loadCurrentTree Starting
5 silly install loadCurrentTree
6 silly install readLocalPackageData
7 silly fetchPackageMetaData valine@^1.3.4
8 silly fetchNamedPackageData valine
9 silly mapToRegistry name valine
10 silly mapToRegistry using default registry
11 silly mapToRegistry registry http://registry.cnpmjs.org/
12 silly mapToRegistry data Result {
12 silly mapToRegistry   raw: 'valine',
12 silly mapToRegistry   scope: null,
12 silly mapToRegistry   escapedName: 'valine',
12 silly mapToRegistry   name: 'valine',
12 silly mapToRegistry   rawSpec: '',
12 silly mapToRegistry   spec: 'latest',
12 silly mapToRegistry   type: 'tag' }
13 silly mapToRegistry uri http://registry.cnpmjs.org/valine
14 verbose request uri http://registry.cnpmjs.org/valine
15 verbose request no auth needed
16 info attempt registry request try #1 at 23:08:48
17 verbose request id 3a273383447099ed
18 verbose etag W/"db04c4c7850a1ec747e609624fa83450"
19 http request GET http://registry.cnpmjs.org/valine
20 http 304 http://registry.cnpmjs.org/valine
21 verbose headers { server: 'nginx/1.15.6',
21 verbose headers   date: 'Wed, 20 Mar 2019 15:08:48 GMT',
21 verbose headers   connection: 'keep-alive',
21 verbose headers   'x-current-requests': '1',
21 verbose headers   vary: 'Origin',
21 verbose headers   etag: 'W/"db04c4c7850a1ec747e609624fa83450"',
21 verbose headers   'x-readtime': '18' }
22 silly get cb [ 304,
22 silly get   { server: 'nginx/1.15.6',
22 silly get     date: 'Wed, 20 Mar 2019 15:08:48 GMT',
22 silly get     connection: 'keep-alive',
22 silly get     'x-current-requests': '1',
22 silly get     vary: 'Origin',
22 silly get     etag: 'W/"db04c4c7850a1ec747e609624fa83450"',
22 silly get     'x-readtime': '18' } ]
23 verbose etag http://registry.cnpmjs.org/valine from cache
24 verbose get saving valine to C:\Users\Administrator\AppData\Roaming\npm-cache\registry.cnpmjs.org\valine\.cache.json
25 verbose correctMkdir C:\Users\Administrator\AppData\Roaming\npm-cache correctMkdir not in flight; initializing
26 silly install normalizeTree
27 silly loadCurrentTree Finishing
28 silly loadIdealTree Starting
29 silly install loadIdealTree
30 silly cloneCurrentTree Starting
31 silly install cloneCurrentTreeToIdealTree
32 silly cloneCurrentTree Finishing
33 silly loadShrinkwrap Starting
34 silly install loadShrinkwrap
35 silly loadShrinkwrap Finishing
36 silly loadAllDepsIntoIdealTree Starting
37 silly install loadAllDepsIntoIdealTree
38 silly resolveWithNewModule valine@1.3.4 checking installable status
39 silly cache add args [ 'valine@^1.3.4', null ]
40 verbose cache add spec valine@^1.3.4
41 silly cache add parsed spec Result {
41 silly cache add   raw: 'valine@^1.3.4',
41 silly cache add   scope: null,
41 silly cache add   escapedName: 'valine',
41 silly cache add   name: 'valine',
41 silly cache add   rawSpec: '^1.3.4',
41 silly cache add   spec: '>=1.3.4 <2.0.0',
41 silly cache add   type: 'range' }
42 silly addNamed valine@>=1.3.4 <2.0.0
43 verbose addNamed ">=1.3.4 <2.0.0" is a valid semver range for valine
44 silly addNameRange { name: 'valine', range: '>=1.3.4 <2.0.0', hasData: false }
45 silly mapToRegistry name valine
46 silly mapToRegistry using default registry
47 silly mapToRegistry registry http://registry.cnpmjs.org/
48 silly mapToRegistry data Result {
48 silly mapToRegistry   raw: 'valine',
48 silly mapToRegistry   scope: null,
48 silly mapToRegistry   escapedName: 'valine',
48 silly mapToRegistry   name: 'valine',
48 silly mapToRegistry   rawSpec: '',
48 silly mapToRegistry   spec: 'latest',
48 silly mapToRegistry   type: 'tag' }
49 silly mapToRegistry uri http://registry.cnpmjs.org/valine
50 verbose addNameRange registry:http://registry.cnpmjs.org/valine not in flight; fetching
51 verbose get http://registry.cnpmjs.org/valine not expired, no request
52 silly addNameRange number 2 { name: 'valine', range: '>=1.3.4 <2.0.0', hasData: true }
53 silly addNameRange versions [ 'valine',
53 silly addNameRange   [ '1.3.4',
53 silly addNameRange     '1.3.3',
53 silly addNameRange     '1.3.1',
53 silly addNameRange     '1.3.0',
53 silly addNameRange     '1.2.9',
53 silly addNameRange     '1.2.8',
53 silly addNameRange     '1.2.7',
53 silly addNameRange     '1.2.6',
53 silly addNameRange     '1.2.5',
53 silly addNameRange     '1.2.4',
53 silly addNameRange     '1.2.3',
53 silly addNameRange     '1.2.2',
53 silly addNameRange     '1.2.1',
53 silly addNameRange     '1.2.0',
53 silly addNameRange     '1.2.0-beta2',
53 silly addNameRange     '1.2.0-beta1',
53 silly addNameRange     '1.2.0-beta',
53 silly addNameRange     '1.1.9',
53 silly addNameRange     '1.1.9-rc3',
53 silly addNameRange     '1.1.9-rc2',
53 silly addNameRange     '1.1.9-rc1',
53 silly addNameRange     '1.1.9-beta9',
53 silly addNameRange     '1.1.9-beta8',
53 silly addNameRange     '1.1.9-beta7',
53 silly addNameRange     '1.1.9-beta6',
53 silly addNameRange     '1.1.9-beta5',
53 silly addNameRange     '1.1.9-beta4',
53 silly addNameRange     '1.1.9-beta3',
53 silly addNameRange     '1.1.9-beta2',
53 silly addNameRange     '1.1.9-beta1',
53 silly addNameRange     '1.1.9-beta',
53 silly addNameRange     '1.1.8',
53 silly addNameRange     '1.1.8-rc6',
53 silly addNameRange     '1.1.8-rc5',
53 silly addNameRange     '1.1.8-rc4',
53 silly addNameRange     '1.1.8-rc3',
53 silly addNameRange     '1.1.8-rc2',
53 silly addNameRange     '1.1.8-rc',
53 silly addNameRange     '1.1.8-rc1',
53 silly addNameRange     '1.1.8-beta9',
53 silly addNameRange     '1.1.8-beta8',
53 silly addNameRange     '1.1.8-beta7',
53 silly addNameRange     '1.1.8-beta6',
53 silly addNameRange     '1.1.8-beta5',
53 silly addNameRange     '1.1.8-beta4',
53 silly addNameRange     '1.1.8-beta3',
53 silly addNameRange     '1.1.8-beta2',
53 silly addNameRange     '1.1.8-beta1',
53 silly addNameRange     '1.1.8-beta',
53 silly addNameRange     '1.1.7',
53 silly addNameRange     '1.1.6',
53 silly addNameRange     '1.1.5',
53 silly addNameRange     '1.1.4',
53 silly addNameRange     '1.1.3',
53 silly addNameRange     '1.1.2',
53 silly addNameRange     '1.1.1',
53 silly addNameRange     '1.1.0',
53 silly addNameRange     '1.0.8',
53 silly addNameRange     '1.0.7',
53 silly addNameRange     '1.0.6',
53 silly addNameRange     '1.0.5',
53 silly addNameRange     '1.0.4',
53 silly addNameRange     '1.0.3' ] ]
54 silly addNamed valine@1.3.4
55 verbose addNamed "1.3.4" is a plain semver version for valine
56 silly cache afterAdd valine@1.3.4
57 verbose afterAdd C:\Users\Administrator\AppData\Roaming\npm-cache\valine\1.3.4\package\package.json not in flight; writing
58 verbose correctMkdir C:\Users\Administrator\AppData\Roaming\npm-cache correctMkdir not in flight; initializing
59 verbose afterAdd C:\Users\Administrator\AppData\Roaming\npm-cache\valine\1.3.4\package\package.json written
60 silly fetchNamedPackageData fsevents
61 silly mapToRegistry name fsevents
62 silly mapToRegistry using default registry
63 silly mapToRegistry registry http://registry.cnpmjs.org/
64 silly mapToRegistry data Result {
64 silly mapToRegistry   raw: 'fsevents',
64 silly mapToRegistry   scope: null,
64 silly mapToRegistry   escapedName: 'fsevents',
64 silly mapToRegistry   name: 'fsevents',
64 silly mapToRegistry   rawSpec: '',
64 silly mapToRegistry   spec: 'latest',
64 silly mapToRegistry   type: 'tag' }
65 silly mapToRegistry uri http://registry.cnpmjs.org/fsevents
66 verbose request uri http://registry.cnpmjs.org/fsevents
67 verbose request no auth needed
68 info attempt registry request try #1 at 23:08:48
69 verbose etag W/"52758a4f8308e0dff1ccb9fe629cd060"
70 http request GET http://registry.cnpmjs.org/fsevents
71 http 304 http://registry.cnpmjs.org/fsevents
72 verbose headers { server: 'nginx/1.15.6',
72 verbose headers   date: 'Wed, 20 Mar 2019 15:08:49 GMT',
72 verbose headers   connection: 'keep-alive',
72 verbose headers   'x-current-requests': '1',
72 verbose headers   vary: 'Origin',
72 verbose headers   etag: 'W/"52758a4f8308e0dff1ccb9fe629cd060"',
72 verbose headers   'x-readtime': '14' }
73 silly get cb [ 304,
73 silly get   { server: 'nginx/1.15.6',
73 silly get     date: 'Wed, 20 Mar 2019 15:08:49 GMT',
73 silly get     connection: 'keep-alive',
73 silly get     'x-current-requests': '1',
73 silly get     vary: 'Origin',
73 silly get     etag: 'W/"52758a4f8308e0dff1ccb9fe629cd060"',
73 silly get     'x-readtime': '14' } ]
74 verbose etag http://registry.cnpmjs.org/fsevents from cache
75 verbose get saving fsevents to C:\Users\Administrator\AppData\Roaming\npm-cache\registry.cnpmjs.org\fsevents\.cache.json
76 verbose correctMkdir C:\Users\Administrator\AppData\Roaming\npm-cache correctMkdir not in flight; initializing
77 silly resolveWithNewModule fsevents@1.2.7 checking installable status
78 silly fetchNamedPackageData fsevents
79 silly mapToRegistry name fsevents
80 silly mapToRegistry using default registry
81 silly mapToRegistry registry http://registry.cnpmjs.org/
82 silly mapToRegistry data Result {
82 silly mapToRegistry   raw: 'fsevents',
82 silly mapToRegistry   scope: null,
82 silly mapToRegistry   escapedName: 'fsevents',
82 silly mapToRegistry   name: 'fsevents',
82 silly mapToRegistry   rawSpec: '',
82 silly mapToRegistry   spec: 'latest',
82 silly mapToRegistry   type: 'tag' }
83 silly mapToRegistry uri http://registry.cnpmjs.org/fsevents
84 silly resolveWithNewModule fsevents@1.2.7 checking installable status
85 silly loadAllDepsIntoIdealTree Finishing
86 silly loadIdealTree Finishing
87 silly currentTree hexo-site@0.0.0
87 silly currentTree +-- a-sync-waterfall@1.0.1
87 silly currentTree +-- abbrev@1.1.1
87 silly currentTree +-- accepts@1.3.5
87 silly currentTree +-- align-text@0.1.4
87 silly currentTree +-- amdefine@1.0.1
87 silly currentTree +-- ansi-regex@2.1.1
87 silly currentTree +-- ansi-styles@3.2.1
87 silly currentTree +-- anymatch@1.3.2
87 silly currentTree +-- archy@1.0.0
87 silly currentTree +-- argparse@1.0.10
87 silly currentTree +-- arr-diff@2.0.0
87 silly currentTree +-- arr-flatten@1.1.0
87 silly currentTree +-- arr-union@3.1.0
87 silly currentTree +-- array-unique@0.2.1
87 silly currentTree +-- asap@2.0.6
87 silly currentTree +-- assign-symbols@1.0.0
87 silly currentTree +-- async-each@1.0.1
87 silly currentTree +-- async@0.2.10
87 silly currentTree +-- atob@2.1.2
87 silly currentTree +-- babel-code-frame@6.26.0
87 silly currentTree | +-- ansi-styles@2.2.1
87 silly currentTree | +-- chalk@1.1.3
87 silly currentTree | +-- strip-ansi@3.0.1
87 silly currentTree | `-- supports-color@2.0.0
87 silly currentTree +-- babel-eslint@7.2.3
87 silly currentTree +-- babel-messages@6.23.0
87 silly currentTree +-- babel-runtime@6.26.0
87 silly currentTree | `-- core-js@2.5.7
87 silly currentTree +-- babel-traverse@6.26.0
87 silly currentTree +-- babel-types@6.26.0
87 silly currentTree +-- babylon@6.18.0
87 silly currentTree +-- balanced-match@1.0.0
87 silly currentTree +-- base@0.11.2
87 silly currentTree | +-- define-property@1.0.0
87 silly currentTree | +-- is-accessor-descriptor@1.0.0
87 silly currentTree | +-- is-data-descriptor@1.0.0
87 silly currentTree | +-- is-descriptor@1.0.2
87 silly currentTree | +-- isobject@3.0.1
87 silly currentTree | `-- kind-of@6.0.2
87 silly currentTree +-- basic-auth@2.0.1
87 silly currentTree +-- binary-extensions@1.12.0
87 silly currentTree +-- bluebird@3.5.3
87 silly currentTree +-- boolbase@1.0.0
87 silly currentTree +-- brace-expansion@1.1.11
87 silly currentTree +-- braces@1.8.5
87 silly currentTree +-- browser-fingerprint@0.0.1
87 silly currentTree +-- bytes@3.0.0
87 silly currentTree +-- cache-base@1.0.1
87 silly currentTree | `-- isobject@3.0.1
87 silly currentTree +-- camel-case@3.0.0
87 silly currentTree +-- camelcase@2.1.1
87 silly currentTree +-- center-align@0.1.3
87 silly currentTree +-- chalk@2.4.1
87 silly currentTree +-- cheerio@0.22.0
87 silly currentTree +-- chokidar@1.7.0
87 silly currentTree +-- class-utils@0.3.6
87 silly currentTree | +-- define-property@0.2.5
87 silly currentTree | `-- isobject@3.0.1
87 silly currentTree +-- cliui@3.2.0
87 silly currentTree | `-- strip-ansi@3.0.1
87 silly currentTree +-- code-point-at@1.1.0
87 silly currentTree +-- collection-visit@1.0.0
87 silly currentTree +-- color-convert@1.9.3
87 silly currentTree +-- color-name@1.1.3
87 silly currentTree +-- colors@1.3.2
87 silly currentTree +-- command-exists@1.2.8
87 silly currentTree +-- component-emitter@1.2.1
87 silly currentTree +-- compressible@2.0.15
87 silly currentTree +-- compression@1.7.3
87 silly currentTree +-- concat-map@0.0.1
87 silly currentTree +-- connect@3.6.6
87 silly currentTree +-- copy-descriptor@0.1.1
87 silly currentTree +-- core-js@1.2.7
87 silly currentTree +-- core-util-is@1.0.2
87 silly currentTree +-- cross-spawn@4.0.2
87 silly currentTree +-- css-parse@1.7.0
87 silly currentTree +-- css-select@1.2.0
87 silly currentTree +-- css-what@2.1.2
87 silly currentTree +-- cuid@1.3.8
87 silly currentTree +-- debug@2.6.9
87 silly currentTree +-- decamelize@1.2.0
87 silly currentTree +-- decode-uri-component@0.2.0
87 silly currentTree +-- define-property@2.0.2
87 silly currentTree | +-- is-accessor-descriptor@1.0.0
87 silly currentTree | +-- is-data-descriptor@1.0.0
87 silly currentTree | +-- is-descriptor@1.0.2
87 silly currentTree | +-- isobject@3.0.1
87 silly currentTree | `-- kind-of@6.0.2
87 silly currentTree +-- depd@1.1.2
87 silly currentTree +-- destroy@1.0.4
87 silly currentTree +-- dom-serializer@0.1.0
87 silly currentTree | `-- domelementtype@1.1.3
87 silly currentTree +-- domelementtype@1.2.1
87 silly currentTree +-- domhandler@2.4.2
87 silly currentTree +-- domutils@1.5.1
87 silly currentTree +-- ee-first@1.1.1
87 silly currentTree +-- ejs@2.6.1
87 silly currentTree +-- encodeurl@1.0.2
87 silly currentTree +-- entities@1.1.2
87 silly currentTree +-- escape-html@1.0.3
87 silly currentTree +-- escape-string-regexp@1.0.5
87 silly currentTree +-- esprima@4.0.1
87 silly currentTree +-- esutils@2.0.2
87 silly currentTree +-- etag@1.8.1
87 silly currentTree +-- expand-brackets@0.1.5
87 silly currentTree +-- expand-range@1.8.2
87 silly currentTree +-- extend-shallow@3.0.2
87 silly currentTree | `-- is-extendable@1.0.1
87 silly currentTree +-- extglob@0.3.2
87 silly currentTree +-- filename-regex@2.0.1
87 silly currentTree +-- fill-range@2.2.4
87 silly currentTree +-- finalhandler@1.1.0
87 silly currentTree +-- for-in@1.0.2
87 silly currentTree +-- for-own@0.1.5
87 silly currentTree +-- fragment-cache@0.2.1
87 silly currentTree +-- fresh@0.5.2
87 silly currentTree +-- fs.realpath@1.0.0
87 silly currentTree +-- get-value@2.0.6
87 silly currentTree +-- glob-base@0.3.0
87 silly currentTree +-- glob-parent@2.0.0
87 silly currentTree +-- glob@6.0.4
87 silly currentTree +-- globals@9.18.0
87 silly currentTree +-- graceful-fs@4.1.15
87 silly currentTree +-- has-ansi@2.0.0
87 silly currentTree +-- has-flag@3.0.0
87 silly currentTree +-- has-value@1.0.0
87 silly currentTree | `-- isobject@3.0.1
87 silly currentTree +-- has-values@1.0.0
87 silly currentTree | +-- is-number@3.0.0
87 silly currentTree | | `-- kind-of@3.2.2
87 silly currentTree | `-- kind-of@4.0.0
87 silly currentTree +-- he@1.2.0
87 silly currentTree +-- hexo-bunyan@1.0.0
87 silly currentTree +-- hexo-deployer-git@0.3.1
87 silly currentTree | +-- ansi-styles@2.2.1
87 silly currentTree | +-- camelcase@1.2.1
87 silly currentTree | +-- chalk@1.1.3
87 silly currentTree | +-- source-map@0.1.34
87 silly currentTree | +-- strip-ansi@3.0.1
87 silly currentTree | +-- supports-color@2.0.0
87 silly currentTree | +-- swig@1.4.2
87 silly currentTree | +-- uglify-js@2.4.24
87 silly currentTree | +-- window-size@0.1.0
87 silly currentTree | +-- wordwrap@0.0.2
87 silly currentTree | `-- yargs@3.5.4
87 silly currentTree +-- hexo-filter-auto-spacing@0.2.1
87 silly currentTree +-- hexo-front-matter@0.2.3
87 silly currentTree +-- hexo-fs@0.2.3
87 silly currentTree +-- hexo-generator-archive@0.1.5
87 silly currentTree | `-- object-assign@2.1.1
87 silly currentTree +-- hexo-generator-baidu-sitemap@0.1.5
87 silly currentTree +-- hexo-generator-category@0.1.3
87 silly currentTree | `-- object-assign@2.1.1
87 silly currentTree +-- hexo-generator-feed@1.2.2
87 silly currentTree +-- hexo-generator-index@0.2.1
87 silly currentTree +-- hexo-generator-searchdb@1.0.8
87 silly currentTree | +-- ejs@1.0.0
87 silly currentTree | `-- striptags@3.1.1
87 silly currentTree +-- hexo-generator-sitemap@1.2.0
87 silly currentTree | `-- nunjucks@2.5.2
87 silly currentTree +-- hexo-generator-tag@0.2.0
87 silly currentTree +-- hexo-helper-live2d@3.1.0
87 silly currentTree +-- hexo-i18n@0.2.1
87 silly currentTree +-- hexo-log@0.2.0
87 silly currentTree | +-- ansi-styles@2.2.1
87 silly currentTree | +-- chalk@1.1.3
87 silly currentTree | +-- strip-ansi@3.0.1
87 silly currentTree | `-- supports-color@2.0.0
87 silly currentTree +-- hexo-pagination@0.0.2
87 silly currentTree +-- hexo-pangu-spacing@1.1.0
87 silly currentTree +-- hexo-renderer-ejs@0.3.1
87 silly currentTree +-- hexo-renderer-marked@0.3.2
87 silly currentTree +-- hexo-renderer-stylus@0.3.3
87 silly currentTree +-- hexo-server@0.2.2
87 silly currentTree | +-- ansi-styles@2.2.1
87 silly currentTree | +-- chalk@1.1.3
87 silly currentTree | +-- strip-ansi@3.0.1
87 silly currentTree | `-- supports-color@2.0.0
87 silly currentTree +-- hexo-util@0.6.3
87 silly currentTree +-- hexo-wordcount@2.0.1
87 silly currentTree +-- hexo@3.8.0
87 silly currentTree | +-- ansi-styles@2.2.1
87 silly currentTree | +-- hexo-cli@1.1.0
87 silly currentTree | | +-- chalk@1.1.3
87 silly currentTree | | `-- strip-ansi@3.0.1
87 silly currentTree | `-- supports-color@2.0.0
87 silly currentTree +-- highlight.js@9.13.1
87 silly currentTree +-- html-entities@1.2.1
87 silly currentTree +-- html-to-text@2.1.3
87 silly currentTree +-- htmlparser@1.7.7
87 silly currentTree +-- htmlparser2@3.10.0
87 silly currentTree | `-- domelementtype@1.3.0
87 silly currentTree +-- http-errors@1.6.3
87 silly currentTree | `-- statuses@1.5.0
87 silly currentTree +-- inflight@1.0.6
87 silly currentTree +-- inherits@2.0.3
87 silly currentTree +-- invariant@2.2.4
87 silly currentTree +-- invert-kv@1.0.0
87 silly currentTree +-- is-accessor-descriptor@0.1.6
87 silly currentTree +-- is-binary-path@1.0.1
87 silly currentTree +-- is-buffer@1.1.6
87 silly currentTree +-- is-data-descriptor@0.1.4
87 silly currentTree +-- is-descriptor@0.1.6
87 silly currentTree | `-- kind-of@5.1.0
87 silly currentTree +-- is-dotfile@1.0.3
87 silly currentTree +-- is-equal-shallow@0.1.3
87 silly currentTree +-- is-extendable@0.1.1
87 silly currentTree +-- is-extglob@1.0.0
87 silly currentTree +-- is-fullwidth-code-point@1.0.0
87 silly currentTree +-- is-glob@2.0.1
87 silly currentTree +-- is-number@2.1.0
87 silly currentTree +-- is-plain-object@2.0.4
87 silly currentTree | `-- isobject@3.0.1
87 silly currentTree +-- is-posix-bracket@0.1.1
87 silly currentTree +-- is-primitive@2.0.0
87 silly currentTree +-- is-windows@1.0.2
87 silly currentTree +-- isarray@1.0.0
87 silly currentTree +-- isexe@2.0.0
87 silly currentTree +-- isobject@2.1.0
87 silly currentTree +-- js-tokens@3.0.2
87 silly currentTree +-- js-yaml@3.12.0
87 silly currentTree +-- jsonparse@1.3.1
87 silly currentTree +-- JSONStream@1.3.5
87 silly currentTree +-- kind-of@3.2.2
87 silly currentTree +-- lazy-cache@1.0.4
87 silly currentTree +-- lcid@1.0.0
87 silly currentTree +-- live2d-widget-model-hijiki@1.0.5
87 silly currentTree +-- live2d-widget@3.0.5
87 silly currentTree +-- lodash.assignin@4.2.0
87 silly currentTree +-- lodash.bind@4.2.1
87 silly currentTree +-- lodash.debounce@4.0.8
87 silly currentTree +-- lodash.defaults@4.2.0
87 silly currentTree +-- lodash.filter@4.6.0
87 silly currentTree +-- lodash.flatten@4.4.0
87 silly currentTree +-- lodash.foreach@4.5.0
87 silly currentTree +-- lodash.map@4.6.0
87 silly currentTree +-- lodash.merge@4.6.1
87 silly currentTree +-- lodash.pick@4.4.0
87 silly currentTree +-- lodash.reduce@4.6.0
87 silly currentTree +-- lodash.reject@4.6.0
87 silly currentTree +-- lodash.some@4.6.0
87 silly currentTree +-- lodash@4.17.11
87 silly currentTree +-- longest@1.0.1
87 silly currentTree +-- loose-envify@1.4.0
87 silly currentTree +-- lower-case@1.1.4
87 silly currentTree +-- lru-cache@4.1.3
87 silly currentTree +-- map-cache@0.2.2
87 silly currentTree +-- map-visit@1.0.0
87 silly currentTree +-- markdown@0.5.0
87 silly currentTree +-- marked@0.3.19
87 silly currentTree +-- match-words@0.1.1
87 silly currentTree +-- math-random@1.0.1
87 silly currentTree +-- micromatch@2.3.11
87 silly currentTree +-- mime-db@1.37.0
87 silly currentTree +-- mime-types@2.1.21
87 silly currentTree +-- mime@1.6.0
87 silly currentTree +-- minimatch@3.0.4
87 silly currentTree +-- minimist@1.2.0
87 silly currentTree +-- mixin-deep@1.3.1
87 silly currentTree | `-- is-extendable@1.0.1
87 silly currentTree +-- mkdirp@0.5.1
87 silly currentTree | `-- minimist@0.0.8
87 silly currentTree +-- moment-timezone@0.5.23
87 silly currentTree +-- moment@2.22.2
87 silly currentTree +-- morgan@1.9.1
87 silly currentTree +-- ms@2.0.0
87 silly currentTree +-- mv@2.1.1
87 silly currentTree +-- nanomatch@1.2.13
87 silly currentTree | +-- arr-diff@4.0.0
87 silly currentTree | +-- array-unique@0.3.2
87 silly currentTree | `-- kind-of@6.0.2
87 silly currentTree +-- ncp@2.0.0
87 silly currentTree +-- negotiator@0.6.1
87 silly currentTree +-- nib@1.1.2
87 silly currentTree +-- no-case@2.3.2
87 silly currentTree +-- node-fingerprint@0.0.2
87 silly currentTree +-- nopt@2.1.2
87 silly currentTree +-- normalize-path@2.1.1
87 silly currentTree +-- nth-check@1.0.2
87 silly currentTree +-- number-is-nan@1.0.1
87 silly currentTree +-- numeral@1.5.6
87 silly currentTree +-- nunjucks@3.1.4
87 silly currentTree | +-- anymatch@2.0.0
87 silly currentTree | +-- arr-diff@4.0.0
87 silly currentTree | +-- array-unique@0.3.2
87 silly currentTree | +-- braces@2.3.2
87 silly currentTree | | `-- extend-shallow@2.0.1
87 silly currentTree | +-- chokidar@2.0.4
87 silly currentTree | +-- expand-brackets@2.1.4
87 silly currentTree | | +-- define-property@0.2.5
87 silly currentTree | | +-- extend-shallow@2.0.1
87 silly currentTree | | +-- is-accessor-descriptor@0.1.6
87 silly currentTree | | | `-- kind-of@3.2.2
87 silly currentTree | | +-- is-data-descriptor@0.1.4
87 silly currentTree | | | `-- kind-of@3.2.2
87 silly currentTree | | +-- is-descriptor@0.1.6
87 silly currentTree | | `-- kind-of@5.1.0
87 silly currentTree | +-- extglob@2.0.4
87 silly currentTree | | +-- define-property@1.0.0
87 silly currentTree | | `-- extend-shallow@2.0.1
87 silly currentTree | +-- fill-range@4.0.0
87 silly currentTree | | `-- extend-shallow@2.0.1
87 silly currentTree | +-- glob-parent@3.1.0
87 silly currentTree | | `-- is-glob@3.1.0
87 silly currentTree | +-- is-accessor-descriptor@1.0.0
87 silly currentTree | +-- is-data-descriptor@1.0.0
87 silly currentTree | +-- is-descriptor@1.0.2
87 silly currentTree | +-- is-extglob@2.1.1
87 silly currentTree | +-- is-glob@4.0.0
87 silly currentTree | +-- is-number@3.0.0
87 silly currentTree | | `-- kind-of@3.2.2
87 silly currentTree | +-- isobject@3.0.1
87 silly currentTree | +-- kind-of@6.0.2
87 silly currentTree | `-- micromatch@3.1.10
87 silly currentTree +-- object-assign@4.1.1
87 silly currentTree +-- object-copy@0.1.0
87 silly currentTree | `-- define-property@0.2.5
87 silly currentTree +-- object-visit@1.0.1
87 silly currentTree | `-- isobject@3.0.1
87 silly currentTree +-- object.omit@2.0.1
87 silly currentTree +-- object.pick@1.3.0
87 silly currentTree | `-- isobject@3.0.1
87 silly currentTree +-- on-finished@2.3.0
87 silly currentTree +-- on-headers@1.0.1
87 silly currentTree +-- once@1.4.0
87 silly currentTree +-- opn@4.0.2
87 silly currentTree +-- optimist@0.6.1
87 silly currentTree | `-- minimist@0.0.10
87 silly currentTree +-- os-homedir@1.0.2
87 silly currentTree +-- os-locale@1.4.0
87 silly currentTree +-- pangu@3.3.0
87 silly currentTree +-- pangunode@0.1.0
87 silly currentTree +-- parse-glob@3.0.4
87 silly currentTree +-- parseurl@1.3.2
87 silly currentTree +-- pascalcase@0.1.1
87 silly currentTree +-- path-dirname@1.0.2
87 silly currentTree +-- path-is-absolute@1.0.1
87 silly currentTree +-- path-parse@1.0.6
87 silly currentTree +-- path@0.12.7
87 silly currentTree +-- pinkie-promise@2.0.1
87 silly currentTree +-- pinkie@2.0.4
87 silly currentTree +-- posix-character-classes@0.1.1
87 silly currentTree +-- postinstall-build@5.0.3
87 silly currentTree +-- preserve@0.2.0
87 silly currentTree +-- pretty-hrtime@1.0.3
87 silly currentTree +-- process-nextick-args@2.0.0
87 silly currentTree +-- process@0.11.10
87 silly currentTree +-- pseudomap@1.0.2
87 silly currentTree +-- randomatic@3.1.1
87 silly currentTree | +-- is-number@4.0.0
87 silly currentTree | `-- kind-of@6.0.2
87 silly currentTree +-- range-parser@1.2.0
87 silly currentTree +-- readable-stream@3.0.6
87 silly currentTree +-- readdirp@2.2.1
87 silly currentTree | +-- arr-diff@4.0.0
87 silly currentTree | +-- array-unique@0.3.2
87 silly currentTree | +-- braces@2.3.2
87 silly currentTree | | `-- extend-shallow@2.0.1
87 silly currentTree | +-- expand-brackets@2.1.4
87 silly currentTree | | +-- define-property@0.2.5
87 silly currentTree | | +-- extend-shallow@2.0.1
87 silly currentTree | | +-- is-accessor-descriptor@0.1.6
87 silly currentTree | | | `-- kind-of@3.2.2
87 silly currentTree | | +-- is-data-descriptor@0.1.4
87 silly currentTree | | | `-- kind-of@3.2.2
87 silly currentTree | | +-- is-descriptor@0.1.6
87 silly currentTree | | `-- kind-of@5.1.0
87 silly currentTree | +-- extglob@2.0.4
87 silly currentTree | | +-- define-property@1.0.0
87 silly currentTree | | `-- extend-shallow@2.0.1
87 silly currentTree | +-- fill-range@4.0.0
87 silly currentTree | | `-- extend-shallow@2.0.1
87 silly currentTree | +-- is-accessor-descriptor@1.0.0
87 silly currentTree | +-- is-data-descriptor@1.0.0
87 silly currentTree | +-- is-descriptor@1.0.2
87 silly currentTree | +-- is-number@3.0.0
87 silly currentTree | | `-- kind-of@3.2.2
87 silly currentTree | +-- isobject@3.0.1
87 silly currentTree | +-- kind-of@6.0.2
87 silly currentTree | +-- micromatch@3.1.10
87 silly currentTree | `-- readable-stream@2.3.6
87 silly currentTree +-- regenerator-runtime@0.11.1
87 silly currentTree +-- regex-cache@0.4.4
87 silly currentTree +-- regex-not@1.0.2
87 silly currentTree +-- remove-trailing-separator@1.1.0
87 silly currentTree +-- repeat-element@1.1.3
87 silly currentTree +-- repeat-string@1.6.1
87 silly currentTree +-- resolve-url@0.2.1
87 silly currentTree +-- resolve@1.8.1
87 silly currentTree +-- ret@0.1.15
87 silly currentTree +-- right-align@0.1.3
87 silly currentTree +-- rimraf@2.4.5
87 silly currentTree +-- safe-buffer@5.1.2
87 silly currentTree +-- safe-json-stringify@1.2.0
87 silly currentTree +-- safe-regex@1.1.0
87 silly currentTree +-- sax@0.5.8
87 silly currentTree +-- send@0.16.2
87 silly currentTree | +-- mime@1.4.1
87 silly currentTree | `-- statuses@1.4.0
87 silly currentTree +-- serve-static@1.13.2
87 silly currentTree +-- set-value@2.0.0
87 silly currentTree | `-- extend-shallow@2.0.1
87 silly currentTree +-- setprototypeof@1.1.0
87 silly currentTree +-- snapdragon-node@2.1.1
87 silly currentTree | +-- define-property@1.0.0
87 silly currentTree | +-- is-accessor-descriptor@1.0.0
87 silly currentTree | +-- is-data-descriptor@1.0.0
87 silly currentTree | +-- is-descriptor@1.0.2
87 silly currentTree | +-- isobject@3.0.1
87 silly currentTree | `-- kind-of@6.0.2
87 silly currentTree +-- snapdragon-util@3.0.1
87 silly currentTree +-- snapdragon@0.8.2
87 silly currentTree | +-- define-property@0.2.5
87 silly currentTree | `-- extend-shallow@2.0.1
87 silly currentTree +-- source-map-resolve@0.5.2
87 silly currentTree +-- source-map-url@0.4.0
87 silly currentTree +-- source-map@0.5.7
87 silly currentTree +-- split-string@3.1.0
87 silly currentTree +-- sprintf-js@1.0.3
87 silly currentTree +-- static-extend@0.1.2
87 silly currentTree | `-- define-property@0.2.5
87 silly currentTree +-- statuses@1.3.1
87 silly currentTree +-- string_decoder@1.1.1
87 silly currentTree +-- string-width@1.0.2
87 silly currentTree | `-- strip-ansi@3.0.1
87 silly currentTree +-- strip-ansi@4.0.0
87 silly currentTree | `-- ansi-regex@3.0.0
87 silly currentTree +-- strip-indent@2.0.0
87 silly currentTree +-- striptags@2.2.1
87 silly currentTree +-- stylus@0.54.5
87 silly currentTree | +-- glob@7.0.6
87 silly currentTree | `-- source-map@0.1.43
87 silly currentTree +-- supports-color@5.5.0
87 silly currentTree +-- swig-extras@0.0.1
87 silly currentTree +-- swig-templates@2.0.3
87 silly currentTree +-- text-table@0.2.0
87 silly currentTree +-- through@2.3.8
87 silly currentTree +-- tildify@1.2.0
87 silly currentTree +-- titlecase@1.1.2
87 silly currentTree +-- to-fast-properties@1.0.3
87 silly currentTree +-- to-object-path@0.3.0
87 silly currentTree +-- to-regex-range@2.1.1
87 silly currentTree | `-- is-number@3.0.0
87 silly currentTree +-- to-regex@3.0.2
87 silly currentTree +-- uglify-js@2.6.0
87 silly currentTree | +-- camelcase@1.2.1
87 silly currentTree | +-- cliui@2.1.0
87 silly currentTree | +-- window-size@0.1.0
87 silly currentTree | +-- wordwrap@0.0.2
87 silly currentTree | `-- yargs@3.10.0
87 silly currentTree +-- uglify-to-browserify@1.0.2
87 silly currentTree +-- underscore.string@3.3.5
87 silly currentTree +-- underscore@1.9.1
87 silly currentTree +-- union-value@1.0.0
87 silly currentTree | +-- extend-shallow@2.0.1
87 silly currentTree | `-- set-value@0.4.3
87 silly currentTree +-- unpipe@1.0.0
87 silly currentTree +-- unset-value@1.0.0
87 silly currentTree | +-- has-value@0.3.1
87 silly currentTree | | `-- isobject@2.1.0
87 silly currentTree | +-- has-values@0.1.4
87 silly currentTree | `-- isobject@3.0.1
87 silly currentTree +-- upath@1.1.0
87 silly currentTree +-- upper-case@1.1.3
87 silly currentTree +-- urix@0.1.0
87 silly currentTree +-- use@3.1.1
87 silly currentTree +-- util-deprecate@1.0.2
87 silly currentTree +-- util@0.10.4
87 silly currentTree +-- utils-merge@1.0.1
87 silly currentTree +-- valine@1.3.4
87 silly currentTree +-- vary@1.1.2
87 silly currentTree +-- warehouse@2.2.0
87 silly currentTree +-- which@1.3.1
87 silly currentTree +-- window-size@0.1.4
87 silly currentTree +-- word-regex@0.1.2
87 silly currentTree +-- wordcount@1.1.1
87 silly currentTree +-- wordwrap@0.0.3
87 silly currentTree +-- wrap-ansi@2.1.0
87 silly currentTree | `-- strip-ansi@3.0.1
87 silly currentTree +-- wrappy@1.0.2
87 silly currentTree +-- y18n@3.2.1
87 silly currentTree +-- yallist@2.1.2
87 silly currentTree `-- yargs@3.32.0
88 silly idealTree hexo-site@0.0.0
88 silly idealTree +-- a-sync-waterfall@1.0.1
88 silly idealTree +-- abbrev@1.1.1
88 silly idealTree +-- accepts@1.3.5
88 silly idealTree +-- align-text@0.1.4
88 silly idealTree +-- amdefine@1.0.1
88 silly idealTree +-- ansi-regex@2.1.1
88 silly idealTree +-- ansi-styles@3.2.1
88 silly idealTree +-- anymatch@1.3.2
88 silly idealTree +-- archy@1.0.0
88 silly idealTree +-- argparse@1.0.10
88 silly idealTree +-- arr-diff@2.0.0
88 silly idealTree +-- arr-flatten@1.1.0
88 silly idealTree +-- arr-union@3.1.0
88 silly idealTree +-- array-unique@0.2.1
88 silly idealTree +-- asap@2.0.6
88 silly idealTree +-- assign-symbols@1.0.0
88 silly idealTree +-- async-each@1.0.1
88 silly idealTree +-- async@0.2.10
88 silly idealTree +-- atob@2.1.2
88 silly idealTree +-- babel-code-frame@6.26.0
88 silly idealTree | +-- ansi-styles@2.2.1
88 silly idealTree | +-- chalk@1.1.3
88 silly idealTree | +-- strip-ansi@3.0.1
88 silly idealTree | `-- supports-color@2.0.0
88 silly idealTree +-- babel-eslint@7.2.3
88 silly idealTree +-- babel-messages@6.23.0
88 silly idealTree +-- babel-runtime@6.26.0
88 silly idealTree | `-- core-js@2.5.7
88 silly idealTree +-- babel-traverse@6.26.0
88 silly idealTree +-- babel-types@6.26.0
88 silly idealTree +-- babylon@6.18.0
88 silly idealTree +-- balanced-match@1.0.0
88 silly idealTree +-- base@0.11.2
88 silly idealTree | +-- define-property@1.0.0
88 silly idealTree | +-- is-accessor-descriptor@1.0.0
88 silly idealTree | +-- is-data-descriptor@1.0.0
88 silly idealTree | +-- is-descriptor@1.0.2
88 silly idealTree | +-- isobject@3.0.1
88 silly idealTree | `-- kind-of@6.0.2
88 silly idealTree +-- basic-auth@2.0.1
88 silly idealTree +-- binary-extensions@1.12.0
88 silly idealTree +-- bluebird@3.5.3
88 silly idealTree +-- boolbase@1.0.0
88 silly idealTree +-- brace-expansion@1.1.11
88 silly idealTree +-- braces@1.8.5
88 silly idealTree +-- browser-fingerprint@0.0.1
88 silly idealTree +-- bytes@3.0.0
88 silly idealTree +-- cache-base@1.0.1
88 silly idealTree | `-- isobject@3.0.1
88 silly idealTree +-- camel-case@3.0.0
88 silly idealTree +-- camelcase@2.1.1
88 silly idealTree +-- center-align@0.1.3
88 silly idealTree +-- chalk@2.4.1
88 silly idealTree +-- cheerio@0.22.0
88 silly idealTree +-- chokidar@1.7.0
88 silly idealTree +-- class-utils@0.3.6
88 silly idealTree | +-- define-property@0.2.5
88 silly idealTree | `-- isobject@3.0.1
88 silly idealTree +-- cliui@3.2.0
88 silly idealTree | `-- strip-ansi@3.0.1
88 silly idealTree +-- code-point-at@1.1.0
88 silly idealTree +-- collection-visit@1.0.0
88 silly idealTree +-- color-convert@1.9.3
88 silly idealTree +-- color-name@1.1.3
88 silly idealTree +-- colors@1.3.2
88 silly idealTree +-- command-exists@1.2.8
88 silly idealTree +-- component-emitter@1.2.1
88 silly idealTree +-- compressible@2.0.15
88 silly idealTree +-- compression@1.7.3
88 silly idealTree +-- concat-map@0.0.1
88 silly idealTree +-- connect@3.6.6
88 silly idealTree +-- copy-descriptor@0.1.1
88 silly idealTree +-- core-js@1.2.7
88 silly idealTree +-- core-util-is@1.0.2
88 silly idealTree +-- cross-spawn@4.0.2
88 silly idealTree +-- css-parse@1.7.0
88 silly idealTree +-- css-select@1.2.0
88 silly idealTree +-- css-what@2.1.2
88 silly idealTree +-- cuid@1.3.8
88 silly idealTree +-- debug@2.6.9
88 silly idealTree +-- decamelize@1.2.0
88 silly idealTree +-- decode-uri-component@0.2.0
88 silly idealTree +-- define-property@2.0.2
88 silly idealTree | +-- is-accessor-descriptor@1.0.0
88 silly idealTree | +-- is-data-descriptor@1.0.0
88 silly idealTree | +-- is-descriptor@1.0.2
88 silly idealTree | +-- isobject@3.0.1
88 silly idealTree | `-- kind-of@6.0.2
88 silly idealTree +-- depd@1.1.2
88 silly idealTree +-- destroy@1.0.4
88 silly idealTree +-- dom-serializer@0.1.0
88 silly idealTree | `-- domelementtype@1.1.3
88 silly idealTree +-- domelementtype@1.2.1
88 silly idealTree +-- domhandler@2.4.2
88 silly idealTree +-- domutils@1.5.1
88 silly idealTree +-- ee-first@1.1.1
88 silly idealTree +-- ejs@2.6.1
88 silly idealTree +-- encodeurl@1.0.2
88 silly idealTree +-- entities@1.1.2
88 silly idealTree +-- escape-html@1.0.3
88 silly idealTree +-- escape-string-regexp@1.0.5
88 silly idealTree +-- esprima@4.0.1
88 silly idealTree +-- esutils@2.0.2
88 silly idealTree +-- etag@1.8.1
88 silly idealTree +-- expand-brackets@0.1.5
88 silly idealTree +-- expand-range@1.8.2
88 silly idealTree +-- extend-shallow@3.0.2
88 silly idealTree | `-- is-extendable@1.0.1
88 silly idealTree +-- extglob@0.3.2
88 silly idealTree +-- filename-regex@2.0.1
88 silly idealTree +-- fill-range@2.2.4
88 silly idealTree +-- finalhandler@1.1.0
88 silly idealTree +-- for-in@1.0.2
88 silly idealTree +-- for-own@0.1.5
88 silly idealTree +-- fragment-cache@0.2.1
88 silly idealTree +-- fresh@0.5.2
88 silly idealTree +-- fs.realpath@1.0.0
88 silly idealTree +-- get-value@2.0.6
88 silly idealTree +-- glob-base@0.3.0
88 silly idealTree +-- glob-parent@2.0.0
88 silly idealTree +-- glob@6.0.4
88 silly idealTree +-- globals@9.18.0
88 silly idealTree +-- graceful-fs@4.1.15
88 silly idealTree +-- has-ansi@2.0.0
88 silly idealTree +-- has-flag@3.0.0
88 silly idealTree +-- has-value@1.0.0
88 silly idealTree | `-- isobject@3.0.1
88 silly idealTree +-- has-values@1.0.0
88 silly idealTree | +-- is-number@3.0.0
88 silly idealTree | | `-- kind-of@3.2.2
88 silly idealTree | `-- kind-of@4.0.0
88 silly idealTree +-- he@1.2.0
88 silly idealTree +-- hexo-bunyan@1.0.0
88 silly idealTree +-- hexo-deployer-git@0.3.1
88 silly idealTree | +-- ansi-styles@2.2.1
88 silly idealTree | +-- camelcase@1.2.1
88 silly idealTree | +-- chalk@1.1.3
88 silly idealTree | +-- source-map@0.1.34
88 silly idealTree | +-- strip-ansi@3.0.1
88 silly idealTree | +-- supports-color@2.0.0
88 silly idealTree | +-- swig@1.4.2
88 silly idealTree | +-- uglify-js@2.4.24
88 silly idealTree | +-- window-size@0.1.0
88 silly idealTree | +-- wordwrap@0.0.2
88 silly idealTree | `-- yargs@3.5.4
88 silly idealTree +-- hexo-filter-auto-spacing@0.2.1
88 silly idealTree +-- hexo-front-matter@0.2.3
88 silly idealTree +-- hexo-fs@0.2.3
88 silly idealTree +-- hexo-generator-archive@0.1.5
88 silly idealTree | `-- object-assign@2.1.1
88 silly idealTree +-- hexo-generator-baidu-sitemap@0.1.5
88 silly idealTree +-- hexo-generator-category@0.1.3
88 silly idealTree | `-- object-assign@2.1.1
88 silly idealTree +-- hexo-generator-feed@1.2.2
88 silly idealTree +-- hexo-generator-index@0.2.1
88 silly idealTree +-- hexo-generator-searchdb@1.0.8
88 silly idealTree | +-- ejs@1.0.0
88 silly idealTree | `-- striptags@3.1.1
88 silly idealTree +-- hexo-generator-sitemap@1.2.0
88 silly idealTree | `-- nunjucks@2.5.2
88 silly idealTree +-- hexo-generator-tag@0.2.0
88 silly idealTree +-- hexo-helper-live2d@3.1.0
88 silly idealTree +-- hexo-i18n@0.2.1
88 silly idealTree +-- hexo-log@0.2.0
88 silly idealTree | +-- ansi-styles@2.2.1
88 silly idealTree | +-- chalk@1.1.3
88 silly idealTree | +-- strip-ansi@3.0.1
88 silly idealTree | `-- supports-color@2.0.0
88 silly idealTree +-- hexo-pagination@0.0.2
88 silly idealTree +-- hexo-pangu-spacing@1.1.0
88 silly idealTree +-- hexo-renderer-ejs@0.3.1
88 silly idealTree +-- hexo-renderer-marked@0.3.2
88 silly idealTree +-- hexo-renderer-stylus@0.3.3
88 silly idealTree +-- hexo-server@0.2.2
88 silly idealTree | +-- ansi-styles@2.2.1
88 silly idealTree | +-- chalk@1.1.3
88 silly idealTree | +-- strip-ansi@3.0.1
88 silly idealTree | `-- supports-color@2.0.0
88 silly idealTree +-- hexo-util@0.6.3
88 silly idealTree +-- hexo-wordcount@2.0.1
88 silly idealTree +-- hexo@3.8.0
88 silly idealTree | +-- ansi-styles@2.2.1
88 silly idealTree | +-- hexo-cli@1.1.0
88 silly idealTree | | +-- chalk@1.1.3
88 silly idealTree | | `-- strip-ansi@3.0.1
88 silly idealTree | `-- supports-color@2.0.0
88 silly idealTree +-- highlight.js@9.13.1
88 silly idealTree +-- html-entities@1.2.1
88 silly idealTree +-- html-to-text@2.1.3
88 silly idealTree +-- htmlparser@1.7.7
88 silly idealTree +-- htmlparser2@3.10.0
88 silly idealTree | `-- domelementtype@1.3.0
88 silly idealTree +-- http-errors@1.6.3
88 silly idealTree | `-- statuses@1.5.0
88 silly idealTree +-- inflight@1.0.6
88 silly idealTree +-- inherits@2.0.3
88 silly idealTree +-- invariant@2.2.4
88 silly idealTree +-- invert-kv@1.0.0
88 silly idealTree +-- is-accessor-descriptor@0.1.6
88 silly idealTree +-- is-binary-path@1.0.1
88 silly idealTree +-- is-buffer@1.1.6
88 silly idealTree +-- is-data-descriptor@0.1.4
88 silly idealTree +-- is-descriptor@0.1.6
88 silly idealTree | `-- kind-of@5.1.0
88 silly idealTree +-- is-dotfile@1.0.3
88 silly idealTree +-- is-equal-shallow@0.1.3
88 silly idealTree +-- is-extendable@0.1.1
88 silly idealTree +-- is-extglob@1.0.0
88 silly idealTree +-- is-fullwidth-code-point@1.0.0
88 silly idealTree +-- is-glob@2.0.1
88 silly idealTree +-- is-number@2.1.0
88 silly idealTree +-- is-plain-object@2.0.4
88 silly idealTree | `-- isobject@3.0.1
88 silly idealTree +-- is-posix-bracket@0.1.1
88 silly idealTree +-- is-primitive@2.0.0
88 silly idealTree +-- is-windows@1.0.2
88 silly idealTree +-- isarray@1.0.0
88 silly idealTree +-- isexe@2.0.0
88 silly idealTree +-- isobject@2.1.0
88 silly idealTree +-- js-tokens@3.0.2
88 silly idealTree +-- js-yaml@3.12.0
88 silly idealTree +-- jsonparse@1.3.1
88 silly idealTree +-- JSONStream@1.3.5
88 silly idealTree +-- kind-of@3.2.2
88 silly idealTree +-- lazy-cache@1.0.4
88 silly idealTree +-- lcid@1.0.0
88 silly idealTree +-- live2d-widget-model-hijiki@1.0.5
88 silly idealTree +-- live2d-widget@3.0.5
88 silly idealTree +-- lodash.assignin@4.2.0
88 silly idealTree +-- lodash.bind@4.2.1
88 silly idealTree +-- lodash.debounce@4.0.8
88 silly idealTree +-- lodash.defaults@4.2.0
88 silly idealTree +-- lodash.filter@4.6.0
88 silly idealTree +-- lodash.flatten@4.4.0
88 silly idealTree +-- lodash.foreach@4.5.0
88 silly idealTree +-- lodash.map@4.6.0
88 silly idealTree +-- lodash.merge@4.6.1
88 silly idealTree +-- lodash.pick@4.4.0
88 silly idealTree +-- lodash.reduce@4.6.0
88 silly idealTree +-- lodash.reject@4.6.0
88 silly idealTree +-- lodash.some@4.6.0
88 silly idealTree +-- lodash@4.17.11
88 silly idealTree +-- longest@1.0.1
88 silly idealTree +-- loose-envify@1.4.0
88 silly idealTree +-- lower-case@1.1.4
88 silly idealTree +-- lru-cache@4.1.3
88 silly idealTree +-- map-cache@0.2.2
88 silly idealTree +-- map-visit@1.0.0
88 silly idealTree +-- markdown@0.5.0
88 silly idealTree +-- marked@0.3.19
88 silly idealTree +-- match-words@0.1.1
88 silly idealTree +-- math-random@1.0.1
88 silly idealTree +-- micromatch@2.3.11
88 silly idealTree +-- mime-db@1.37.0
88 silly idealTree +-- mime-types@2.1.21
88 silly idealTree +-- mime@1.6.0
88 silly idealTree +-- minimatch@3.0.4
88 silly idealTree +-- minimist@1.2.0
88 silly idealTree +-- mixin-deep@1.3.1
88 silly idealTree | `-- is-extendable@1.0.1
88 silly idealTree +-- mkdirp@0.5.1
88 silly idealTree | `-- minimist@0.0.8
88 silly idealTree +-- moment-timezone@0.5.23
88 silly idealTree +-- moment@2.22.2
88 silly idealTree +-- morgan@1.9.1
88 silly idealTree +-- ms@2.0.0
88 silly idealTree +-- mv@2.1.1
88 silly idealTree +-- nanomatch@1.2.13
88 silly idealTree | +-- arr-diff@4.0.0
88 silly idealTree | +-- array-unique@0.3.2
88 silly idealTree | `-- kind-of@6.0.2
88 silly idealTree +-- ncp@2.0.0
88 silly idealTree +-- negotiator@0.6.1
88 silly idealTree +-- nib@1.1.2
88 silly idealTree +-- no-case@2.3.2
88 silly idealTree +-- node-fingerprint@0.0.2
88 silly idealTree +-- nopt@2.1.2
88 silly idealTree +-- normalize-path@2.1.1
88 silly idealTree +-- nth-check@1.0.2
88 silly idealTree +-- number-is-nan@1.0.1
88 silly idealTree +-- numeral@1.5.6
88 silly idealTree +-- nunjucks@3.1.4
88 silly idealTree | +-- anymatch@2.0.0
88 silly idealTree | +-- arr-diff@4.0.0
88 silly idealTree | +-- array-unique@0.3.2
88 silly idealTree | +-- braces@2.3.2
88 silly idealTree | | `-- extend-shallow@2.0.1
88 silly idealTree | +-- chokidar@2.0.4
88 silly idealTree | +-- expand-brackets@2.1.4
88 silly idealTree | | +-- define-property@0.2.5
88 silly idealTree | | +-- extend-shallow@2.0.1
88 silly idealTree | | +-- is-accessor-descriptor@0.1.6
88 silly idealTree | | | `-- kind-of@3.2.2
88 silly idealTree | | +-- is-data-descriptor@0.1.4
88 silly idealTree | | | `-- kind-of@3.2.2
88 silly idealTree | | +-- is-descriptor@0.1.6
88 silly idealTree | | `-- kind-of@5.1.0
88 silly idealTree | +-- extglob@2.0.4
88 silly idealTree | | +-- define-property@1.0.0
88 silly idealTree | | `-- extend-shallow@2.0.1
88 silly idealTree | +-- fill-range@4.0.0
88 silly idealTree | | `-- extend-shallow@2.0.1
88 silly idealTree | +-- glob-parent@3.1.0
88 silly idealTree | | `-- is-glob@3.1.0
88 silly idealTree | +-- is-accessor-descriptor@1.0.0
88 silly idealTree | +-- is-data-descriptor@1.0.0
88 silly idealTree | +-- is-descriptor@1.0.2
88 silly idealTree | +-- is-extglob@2.1.1
88 silly idealTree | +-- is-glob@4.0.0
88 silly idealTree | +-- is-number@3.0.0
88 silly idealTree | | `-- kind-of@3.2.2
88 silly idealTree | +-- isobject@3.0.1
88 silly idealTree | +-- kind-of@6.0.2
88 silly idealTree | `-- micromatch@3.1.10
88 silly idealTree +-- object-assign@4.1.1
88 silly idealTree +-- object-copy@0.1.0
88 silly idealTree | `-- define-property@0.2.5
88 silly idealTree +-- object-visit@1.0.1
88 silly idealTree | `-- isobject@3.0.1
88 silly idealTree +-- object.omit@2.0.1
88 silly idealTree +-- object.pick@1.3.0
88 silly idealTree | `-- isobject@3.0.1
88 silly idealTree +-- on-finished@2.3.0
88 silly idealTree +-- on-headers@1.0.1
88 silly idealTree +-- once@1.4.0
88 silly idealTree +-- opn@4.0.2
88 silly idealTree +-- optimist@0.6.1
88 silly idealTree | `-- minimist@0.0.10
88 silly idealTree +-- os-homedir@1.0.2
88 silly idealTree +-- os-locale@1.4.0
88 silly idealTree +-- pangu@3.3.0
88 silly idealTree +-- pangunode@0.1.0
88 silly idealTree +-- parse-glob@3.0.4
88 silly idealTree +-- parseurl@1.3.2
88 silly idealTree +-- pascalcase@0.1.1
88 silly idealTree +-- path-dirname@1.0.2
88 silly idealTree +-- path-is-absolute@1.0.1
88 silly idealTree +-- path-parse@1.0.6
88 silly idealTree +-- path@0.12.7
88 silly idealTree +-- pinkie-promise@2.0.1
88 silly idealTree +-- pinkie@2.0.4
88 silly idealTree +-- posix-character-classes@0.1.1
88 silly idealTree +-- postinstall-build@5.0.3
88 silly idealTree +-- preserve@0.2.0
88 silly idealTree +-- pretty-hrtime@1.0.3
88 silly idealTree +-- process-nextick-args@2.0.0
88 silly idealTree +-- process@0.11.10
88 silly idealTree +-- pseudomap@1.0.2
88 silly idealTree +-- randomatic@3.1.1
88 silly idealTree | +-- is-number@4.0.0
88 silly idealTree | `-- kind-of@6.0.2
88 silly idealTree +-- range-parser@1.2.0
88 silly idealTree +-- readable-stream@3.0.6
88 silly idealTree +-- readdirp@2.2.1
88 silly idealTree | +-- arr-diff@4.0.0
88 silly idealTree | +-- array-unique@0.3.2
88 silly idealTree | +-- braces@2.3.2
88 silly idealTree | | `-- extend-shallow@2.0.1
88 silly idealTree | +-- expand-brackets@2.1.4
88 silly idealTree | | +-- define-property@0.2.5
88 silly idealTree | | +-- extend-shallow@2.0.1
88 silly idealTree | | +-- is-accessor-descriptor@0.1.6
88 silly idealTree | | | `-- kind-of@3.2.2
88 silly idealTree | | +-- is-data-descriptor@0.1.4
88 silly idealTree | | | `-- kind-of@3.2.2
88 silly idealTree | | +-- is-descriptor@0.1.6
88 silly idealTree | | `-- kind-of@5.1.0
88 silly idealTree | +-- extglob@2.0.4
88 silly idealTree | | +-- define-property@1.0.0
88 silly idealTree | | `-- extend-shallow@2.0.1
88 silly idealTree | +-- fill-range@4.0.0
88 silly idealTree | | `-- extend-shallow@2.0.1
88 silly idealTree | +-- is-accessor-descriptor@1.0.0
88 silly idealTree | +-- is-data-descriptor@1.0.0
88 silly idealTree | +-- is-descriptor@1.0.2
88 silly idealTree | +-- is-number@3.0.0
88 silly idealTree | | `-- kind-of@3.2.2
88 silly idealTree | +-- isobject@3.0.1
88 silly idealTree | +-- kind-of@6.0.2
88 silly idealTree | +-- micromatch@3.1.10
88 silly idealTree | `-- readable-stream@2.3.6
88 silly idealTree +-- regenerator-runtime@0.11.1
88 silly idealTree +-- regex-cache@0.4.4
88 silly idealTree +-- regex-not@1.0.2
88 silly idealTree +-- remove-trailing-separator@1.1.0
88 silly idealTree +-- repeat-element@1.1.3
88 silly idealTree +-- repeat-string@1.6.1
88 silly idealTree +-- resolve-url@0.2.1
88 silly idealTree +-- resolve@1.8.1
88 silly idealTree +-- ret@0.1.15
88 silly idealTree +-- right-align@0.1.3
88 silly idealTree +-- rimraf@2.4.5
88 silly idealTree +-- safe-buffer@5.1.2
88 silly idealTree +-- safe-json-stringify@1.2.0
88 silly idealTree +-- safe-regex@1.1.0
88 silly idealTree +-- sax@0.5.8
88 silly idealTree +-- send@0.16.2
88 silly idealTree | +-- mime@1.4.1
88 silly idealTree | `-- statuses@1.4.0
88 silly idealTree +-- serve-static@1.13.2
88 silly idealTree +-- set-value@2.0.0
88 silly idealTree | `-- extend-shallow@2.0.1
88 silly idealTree +-- setprototypeof@1.1.0
88 silly idealTree +-- snapdragon-node@2.1.1
88 silly idealTree | +-- define-property@1.0.0
88 silly idealTree | +-- is-accessor-descriptor@1.0.0
88 silly idealTree | +-- is-data-descriptor@1.0.0
88 silly idealTree | +-- is-descriptor@1.0.2
88 silly idealTree | +-- isobject@3.0.1
88 silly idealTree | `-- kind-of@6.0.2
88 silly idealTree +-- snapdragon-util@3.0.1
88 silly idealTree +-- snapdragon@0.8.2
88 silly idealTree | +-- define-property@0.2.5
88 silly idealTree | `-- extend-shallow@2.0.1
88 silly idealTree +-- source-map-resolve@0.5.2
88 silly idealTree +-- source-map-url@0.4.0
88 silly idealTree +-- source-map@0.5.7
88 silly idealTree +-- split-string@3.1.0
88 silly idealTree +-- sprintf-js@1.0.3
88 silly idealTree +-- static-extend@0.1.2
88 silly idealTree | `-- define-property@0.2.5
88 silly idealTree +-- statuses@1.3.1
88 silly idealTree +-- string_decoder@1.1.1
88 silly idealTree +-- string-width@1.0.2
88 silly idealTree | `-- strip-ansi@3.0.1
88 silly idealTree +-- strip-ansi@4.0.0
88 silly idealTree | `-- ansi-regex@3.0.0
88 silly idealTree +-- strip-indent@2.0.0
88 silly idealTree +-- striptags@2.2.1
88 silly idealTree +-- stylus@0.54.5
88 silly idealTree | +-- glob@7.0.6
88 silly idealTree | `-- source-map@0.1.43
88 silly idealTree +-- supports-color@5.5.0
88 silly idealTree +-- swig-extras@0.0.1
88 silly idealTree +-- swig-templates@2.0.3
88 silly idealTree +-- text-table@0.2.0
88 silly idealTree +-- through@2.3.8
88 silly idealTree +-- tildify@1.2.0
88 silly idealTree +-- titlecase@1.1.2
88 silly idealTree +-- to-fast-properties@1.0.3
88 silly idealTree +-- to-object-path@0.3.0
88 silly idealTree +-- to-regex-range@2.1.1
88 silly idealTree | `-- is-number@3.0.0
88 silly idealTree +-- to-regex@3.0.2
88 silly idealTree +-- uglify-js@2.6.0
88 silly idealTree | +-- camelcase@1.2.1
88 silly idealTree | +-- cliui@2.1.0
88 silly idealTree | +-- window-size@0.1.0
88 silly idealTree | +-- wordwrap@0.0.2
88 silly idealTree | `-- yargs@3.10.0
88 silly idealTree +-- uglify-to-browserify@1.0.2
88 silly idealTree +-- underscore.string@3.3.5
88 silly idealTree +-- underscore@1.9.1
88 silly idealTree +-- union-value@1.0.0
88 silly idealTree | +-- extend-shallow@2.0.1
88 silly idealTree | `-- set-value@0.4.3
88 silly idealTree +-- unpipe@1.0.0
88 silly idealTree +-- unset-value@1.0.0
88 silly idealTree | +-- has-value@0.3.1
88 silly idealTree | | `-- isobject@2.1.0
88 silly idealTree | +-- has-values@0.1.4
88 silly idealTree | `-- isobject@3.0.1
88 silly idealTree +-- upath@1.1.0
88 silly idealTree +-- upper-case@1.1.3
88 silly idealTree +-- urix@0.1.0
88 silly idealTree +-- use@3.1.1
88 silly idealTree +-- util-deprecate@1.0.2
88 silly idealTree +-- util@0.10.4
88 silly idealTree +-- utils-merge@1.0.1
88 silly idealTree +-- valine@1.3.4
88 silly idealTree +-- vary@1.1.2
88 silly idealTree +-- warehouse@2.2.0
88 silly idealTree +-- which@1.3.1
88 silly idealTree +-- window-size@0.1.4
88 silly idealTree +-- word-regex@0.1.2
88 silly idealTree +-- wordcount@1.1.1
88 silly idealTree +-- wordwrap@0.0.3
88 silly idealTree +-- wrap-ansi@2.1.0
88 silly idealTree | `-- strip-ansi@3.0.1
88 silly idealTree +-- wrappy@1.0.2
88 silly idealTree +-- y18n@3.2.1
88 silly idealTree +-- yallist@2.1.2
88 silly idealTree `-- yargs@3.32.0
89 silly generateActionsToTake Starting
90 silly install generateActionsToTake
91 silly generateActionsToTake Finishing
92 silly diffTrees action count 1
93 silly diffTrees update valine@1.3.4
94 silly decomposeActions action count 9
95 silly decomposeActions remove valine@1.3.4
96 silly decomposeActions fetch valine@1.3.4
97 silly decomposeActions extract valine@1.3.4
98 silly decomposeActions test valine@1.3.4
99 silly decomposeActions preinstall valine@1.3.4
100 silly decomposeActions build valine@1.3.4
101 silly decomposeActions install valine@1.3.4
102 silly decomposeActions postinstall valine@1.3.4
103 silly decomposeActions finalize valine@1.3.4
104 silly runTopLevelLifecycles Starting
105 silly executeActions Starting
106 silly install executeActions
107 silly doSerial global-install 0
108 silly doParallel fetch 1
109 verbose correctMkdir C:\Users\Administrator\AppData\Roaming\npm-cache\_locks correctMkdir not in flight; initializing
110 verbose lock using C:\Users\Administrator\AppData\Roaming\npm-cache\_locks\staging-717c66450ff5c974.lock for D:\workspace\iplaypi.github.io\node_modules\.staging
111 silly doParallel extract 1
112 silly extract valine@1.3.4
113 verbose unbuild node_modules\.staging\valine-5980d492
114 silly gentlyRm D:\workspace\iplaypi.github.io\node_modules\.staging\valine-5980d492 is being purged from base D:\workspace\iplaypi.github.io
115 verbose gentlyRm don't care about contents; nuking D:\workspace\iplaypi.github.io\node_modules\.staging\valine-5980d492
116 verbose tar unpack C:\Users\Administrator\AppData\Roaming\npm-cache\valine\1.3.4\package.tgz
117 verbose tar unpacking to D:\workspace\iplaypi.github.io\node_modules\.staging\valine-5980d492
118 silly gentlyRm D:\workspace\iplaypi.github.io\node_modules\.staging\valine-5980d492 is being purged
119 verbose gentlyRm don't care about contents; nuking D:\workspace\iplaypi.github.io\node_modules\.staging\valine-5980d492
120 silly gunzTarPerm modes [ '777', '666' ]
121 silly gunzTarPerm extractEntry package.json
122 silly gunzTarPerm extractEntry README.md
123 silly gunzTarPerm extractEntry LICENSE
124 silly gunzTarPerm extractEntry index.js
125 silly gunzTarPerm extractEntry .circleci/config.yml
126 silly gunzTarPerm extractEntry dist/Valine.Pure.min.js
127 silly gunzTarPerm extractEntry dist/Valine.min.js
128 silly gunzTarPerm extractEntry dist/detect.min.js
129 silly gunzTarPerm extractEntry dist/escape.min.js
130 silly gunzTarPerm extractEntry dist/plugins/emojis/index.js
131 silly gunzTarPerm extractEntry dist/plugins/emojis/light.json
132 silly gentlyRm D:\workspace\iplaypi.github.io\node_modules\.staging\valine-5980d492\node_modules is being purged
133 verbose gentlyRm don't care about contents; nuking D:\workspace\iplaypi.github.io\node_modules\.staging\valine-5980d492\node_modules
134 silly doParallel preinstall 1
135 silly preinstall valine@1.3.4 D:\workspace\iplaypi.github.io\node_modules\.staging\valine-5980d492
136 info lifecycle valine@1.3.4~preinstall: valine@1.3.4
137 silly lifecycle valine@1.3.4~preinstall: no script for preinstall, continuing
138 silly doReverseSerial remove 1
139 silly remove D:\workspace\iplaypi.github.io\node_modules\valine
140 verbose unbuild node_modules\valine
141 info lifecycle valine@1.3.4~preuninstall: valine@1.3.4
142 silly lifecycle valine@1.3.4~preuninstall: no script for preuninstall, continuing
143 info lifecycle valine@1.3.4~uninstall: valine@1.3.4
144 silly lifecycle valine@1.3.4~uninstall: no script for uninstall, continuing
145 verbose unbuild rmStuff valine@1.3.4 from D:\workspace\iplaypi.github.io\node_modules
146 info lifecycle valine@1.3.4~postuninstall: valine@1.3.4
147 silly lifecycle valine@1.3.4~postuninstall: no script for postuninstall, continuing
148 silly gentlyRm D:\workspace\iplaypi.github.io\node_modules\valine is being purged from base D:\workspace\iplaypi.github.io
149 verbose gentlyRm don't care about contents; nuking D:\workspace\iplaypi.github.io\node_modules\valine
150 silly vacuum-fs purging D:\workspace\iplaypi.github.io\node_modules\valine
151 verbose unlock done using C:\Users\Administrator\AppData\Roaming\npm-cache\_locks\staging-717c66450ff5c974.lock for D:\workspace\iplaypi.github.io\node_modules\.staging
152 silly rollbackFailedOptional Starting
153 silly rollbackFailedOptional Finishing
154 silly runTopLevelLifecycles Finishing
155 silly install printInstalled
156 warn optional SKIPPING OPTIONAL DEPENDENCY: fsevents@^1.0.0 (node_modules\chokidar\node_modules\fsevents):
157 warn notsup SKIPPING OPTIONAL DEPENDENCY: Unsupported platform for fsevents@1.2.7: wanted {"os":"darwin","arch":"any"} (current: {"os":"win32","arch":"x64"})
158 verbose notsup SKIPPING OPTIONAL DEPENDENCY: Valid OS:    darwin
158 verbose notsup SKIPPING OPTIONAL DEPENDENCY: Valid Arch:  any
158 verbose notsup SKIPPING OPTIONAL DEPENDENCY: Actual OS:   win32
158 verbose notsup SKIPPING OPTIONAL DEPENDENCY: Actual Arch: x64
159 warn optional SKIPPING OPTIONAL DEPENDENCY: fsevents@^1.2.2 (node_modules\nunjucks\node_modules\chokidar\node_modules\fsevents):
160 warn notsup SKIPPING OPTIONAL DEPENDENCY: Unsupported platform for fsevents@1.2.7: wanted {"os":"darwin","arch":"any"} (current: {"os":"win32","arch":"x64"})
161 verbose notsup SKIPPING OPTIONAL DEPENDENCY: Valid OS:    darwin
161 verbose notsup SKIPPING OPTIONAL DEPENDENCY: Valid Arch:  any
161 verbose notsup SKIPPING OPTIONAL DEPENDENCY: Actual OS:   win32
161 verbose notsup SKIPPING OPTIONAL DEPENDENCY: Actual Arch: x64
162 verbose stack Error: EBUSY: resource busy or locked, rmdir 'D:\workspace\iplaypi.github.io\node_modules\valine'
162 verbose stack     at Error (native)
163 verbose cwd D:\workspace\iplaypi.github.io
164 error Windows_NT 6.1.7601
165 error argv "C:\\Program Files\\nodejs\\node.exe" "C:\\Program Files\\nodejs\\node_modules\\npm\\bin\\npm-cli.js" "install" "valine" "--save"
166 error node v6.11.5
167 error npm  v3.10.10
168 error path D:\workspace\iplaypi.github.io\node_modules\valine
169 error code EBUSY
170 error errno -4082
171 error syscall rmdir
172 error EBUSY: resource busy or locked, rmdir 'D:\workspace\iplaypi.github.io\node_modules\valine'
173 error If you need help, you may report this error at:
173 error     <https://github.com/npm/npm/issues>
174 verbose exit [ -4082, true ]
